BL51 BANKED LINKER/LOCATER V2.10                                                          07/05/97  03:23:19  PAGE 1


MS-DOS BL51 BANKED LINKER/LOCATER V2.10, INVOKED BY:
D:\C51\BIN\BL51.EXE LCDPAD.OBJ, NODE.LIB TO LCDPAD.ABS RAMSIZE (256) PRINT (LNK.LST) NOOVERLAY XDATA (4200H)


MEMORY MODEL: LARGE


INPUT MODULES INCLUDED:
  LCDPAD.OBJ (LCDPAD)
  NODE.LIB (IIC)
  NODE.LIB (IICDRIV)
  NODE.LIB (NKEY)
  NODE.LIB (NODELCD)
  NODE.LIB (WDOG)
  D:\C51\LIB\C51L.LIB (?C_STARTUP)
  D:\C51\LIB\C51L.LIB (?C_IILDX)
  D:\C51\LIB\C51L.LIB (PRINTF)
  D:\C51\LIB\C51L.LIB (?C_INIT)
  D:\C51\LIB\C51L.LIB (?C_CLDPTR)
  D:\C51\LIB\C51L.LIB (?C_CLDOPTR)
  D:\C51\LIB\C51L.LIB (?C_CSTPTR)
  D:\C51\LIB\C51L.LIB (?C_PLDIXDATA)
  D:\C51\LIB\C51L.LIB (?C_PSTXDATA)
  D:\C51\LIB\C51L.LIB (?C_CCASE)


LINK MAP OF MODULE:  LCDPAD.ABS (LCDPAD)


            TYPE    BASE      LENGTH    RELOCATION   SEGMENT NAME
            -----------------------------------------------------

            * * * * * * *   D A T A   M E M O R Y   * * * * * * *
            REG     0000H     0008H     ABSOLUTE     "REG BANK 0"
            DATA    0008H     0008H     UNIT         IICDATA
            DATA    0010H     0005H     UNIT         ?DT?PRINTF?PRINTF
            IDATA   0015H     0001H     UNIT         ?ID?NKEY
                    0016H     0002H                  *** GAP ***
            REG     0018H     0008H     ABSOLUTE     "REG BANK 3"
            BIT     0020H.0   0000H.2   ABSOLUTE     
            BIT     0020H.2   0000H.1   UNIT         ?BI?LCDPAD
            BIT     0020H.3   0000H.1   UNIT         ?BI?NKEY
            BIT     0020H.4   0000H.1   UNIT         ?BI?NODELCD
            BIT     0020H.5   0001H.1   UNIT         ?BI?PRINTF?PRINTF
                    0021H.6   0000H.2                *** GAP ***
            IDATA   0022H     0004H     UNIT         ?ID?LCDPAD
            IDATA   0026H     0001H     UNIT         ?STACK

            * * * * * * *  X D A T A   M E M O R Y  * * * * * * *
                    0000H     4200H                  *** GAP ***
            XDATA   4200H     0001H     UNIT         ?XD?PROC_IIC?LCDPAD
            XDATA   4201H     0001H     UNIT         ?XD?PROC_KEY?LCDPAD
            XDATA   4202H     0006H     UNIT         ?XD?_PAINT?LCDPAD
            XDATA   4208H     0004H     UNIT         ?XD?MAIN?LCDPAD
            XDATA   420CH     0028H     UNIT         ?XD?LCDPAD
            XDATA   4234H     0001H     UNIT         ?XD?TEST_X1?NKEY
            XDATA   4235H     0001H     UNIT         ?XD?_NPUTCHAR?NODELCD
            XDATA   4236H     0006H     UNIT         ?XD?_PAINT_NLCD?NODELCD
BL51 BANKED LINKER/LOCATER V2.10                                                        07/05/97  03:23:19  PAGE 2


            XDATA   423CH     0028H     UNIT         ?XD?PRINTF?PRINTF

            * * * * * * *   C O D E   M E M O R Y   * * * * * * *
            CODE    0000H     0003H     ABSOLUTE     
            CODE    0003H     0004H     INBLOCK      ?PR?_PUTCHAR?LCDPAD
            CODE    0007H     0004H     UNIT         ?PR?_INIT_IIC?IIC
            CODE    000BH     0007H     UNIT         ?PR?_IIC_MTX?IIC
                    0012H     0001H                  *** GAP ***
            CODE    0013H     0003H     ABSOLUTE     
            CODE    0016H     0015H     INBLOCK      ?PR?INITIALISE?LCDPAD
            CODE    002BH     0007H     ABSOLUTE     
            CODE    0032H     0051H     INBLOCK      ?PR?PROC_IIC?LCDPAD
            CODE    0083H     0009H     UNIT         ?PR?INIT_NKEY?NKEY
            CODE    008CH     0003H     UNIT         ?PR?X1_INT?NKEY
                    008FH     0001H                  *** GAP ***
            CODE    0090H     000AH     ABSOLUTE     
            CODE    009AH     0006H     UNIT         ?PR?_WDOG?WDOG
            CODE    00A0H     000DH     ABSOLUTE     
                    00ADH     0003H                  *** GAP ***
            CODE    00B0H     000CH     ABSOLUTE     
                    00BCH     0004H                  *** GAP ***
            CODE    00C0H     000FH     ABSOLUTE     
                    00CFH     0001H                  *** GAP ***
            CODE    00D0H     0007H     ABSOLUTE     
                    00D7H     0001H                  *** GAP ***
            CODE    00D8H     0010H     ABSOLUTE     
            CODE    00E8H     000DH     ABSOLUTE     
                    00F5H     0003H                  *** GAP ***
            CODE    00F8H     0007H     ABSOLUTE     
                    00FFH     0001H                  *** GAP ***
            CODE    0100H     0006H     ABSOLUTE     
                    0106H     0002H                  *** GAP ***
            CODE    0108H     0008H     ABSOLUTE     
            CODE    0110H     0008H     ABSOLUTE     
            CODE    0118H     0007H     ABSOLUTE     
                    011FH     0001H                  *** GAP ***
            CODE    0120H     0006H     ABSOLUTE     
                    0126H     0002H                  *** GAP ***
            CODE    0128H     0008H     ABSOLUTE     
            CODE    0130H     0006H     ABSOLUTE     
                    0136H     0002H                  *** GAP ***
            CODE    0138H     0008H     ABSOLUTE     
            CODE    0140H     0005H     ABSOLUTE     
                    0145H     0003H                  *** GAP ***
            CODE    0148H     0006H     ABSOLUTE     
                    014EH     0002H                  *** GAP ***
            CODE    0150H     0007H     ABSOLUTE     
                    0157H     0001H                  *** GAP ***
            CODE    0158H     0008H     ABSOLUTE     
            CODE    0160H     0008H     ABSOLUTE     
            CODE    0168H     0008H     ABSOLUTE     
            CODE    0170H     000FH     UNIT         ?PR?IIC_WAIT?IIC
                    017FH     0001H                  *** GAP ***
            CODE    0180H     0007H     ABSOLUTE     
                    0187H     0001H                  *** GAP ***
            CODE    0188H     0005H     ABSOLUTE     
            CODE    018DH     000DH     UNIT         ?PR?NGETKEY?NKEY
BL51 BANKED LINKER/LOCATER V2.10                                                        07/05/97  03:23:19  PAGE 3


                    019AH     0006H                  *** GAP ***
            CODE    01A0H     0006H     ABSOLUTE     
                    01A6H     0002H                  *** GAP ***
            CODE    01A8H     0002H     ABSOLUTE     
                    01AAH     0006H                  *** GAP ***
            CODE    01B0H     0002H     ABSOLUTE     
                    01B2H     0006H                  *** GAP ***
            CODE    01B8H     0007H     ABSOLUTE     
                    01BFH     0001H                  *** GAP ***
            CODE    01C0H     0006H     ABSOLUTE     
                    01C6H     0002H                  *** GAP ***
            CODE    01C8H     0006H     ABSOLUTE     
            CODE    01CEH     0038H     INBLOCK      ?PR?PROC_KEY?LCDPAD
            CODE    0206H     0026H     INBLOCK      ?PR?_PAINT?LCDPAD
            CODE    022CH     0014H     INBLOCK      ?PR?TEST_KEY?LCDPAD
            CODE    0240H     0161H     INBLOCK      ?PR?MAIN?LCDPAD
            CODE    03A1H     008CH     UNIT         ?CO?LCDPAD
            CODE    042DH     0048H     UNIT         ?C_INITSEG
            CODE    0475H     0024H     UNIT         IICCODE
            CODE    0499H     002CH     UNIT         ?PR?TEST_X1?NKEY
            CODE    04C5H     0017H     UNIT         ?PR?_NPUTCHAR?NODELCD
            CODE    04DCH     0008H     UNIT         ?PR?_SET_NLCD?NODELCD
            CODE    04E4H     0019H     UNIT         ?PR?INIT_NLCD?NODELCD
            CODE    04FDH     001CH     UNIT         ?PR?_PAINT_NLCD?NODELCD
            CODE    0519H     008CH     UNIT         ?C_C51STARTUP
            CODE    05A5H     00BAH     UNIT         ?C_LIB_CODE
            CODE    065FH     0334H     UNIT         ?PR?PRINTF?PRINTF



SYMBOL TABLE OF MODULE:  LCDPAD.ABS (LCDPAD)

  VALUE           TYPE          NAME
  ----------------------------------

  -------         MODULE        LCDPAD
  C:0000H         SYMBOL        _ICE_DUMMY_
  C:0206H         PUBLIC        _paint
  B:00D8H.2       PUBLIC        AA
  B:00B0H.4       PUBLIC        T0
  B:00D0H.6       PUBLIC        AC
  B:00B0H.5       PUBLIC        T1
  B:00E8H.4       PUBLIC        ECM0
  B:00A8H.7       PUBLIC        EA
  B:00E8H.5       PUBLIC        ECM1
  B:00E8H.6       PUBLIC        ECM2
  B:00C8H.4       PUBLIC        CMI0
  B:00C8H.5       PUBLIC        CMI1
  B:00C8H.6       PUBLIC        CMI2
  B:00C8H.7       PUBLIC        T20V
  B:00E8H.0       PUBLIC        ECT0
  B:00E8H.1       PUBLIC        ECT1
  B:00E8H.2       PUBLIC        ECT2
  B:00E8H.3       PUBLIC        ECT3
  B:00C8H.0       PUBLIC        CTI0
  B:00F8H.4       PUBLIC        PCM0
  B:00C8H.1       PUBLIC        CTI1
BL51 BANKED LINKER/LOCATER V2.10                                                        07/05/97  03:23:19  PAGE 4


  B:00F8H.5       PUBLIC        PCM1
  B:00C8H.2       PUBLIC        CTI2
  B:00F8H.6       PUBLIC        PCM2
  B:00C8H.3       PUBLIC        CTI3
  B:00B0H.7       PUBLIC        RD
  B:00D8H.6       PUBLIC        ENS1
  B:00F8H.0       PUBLIC        PCT0
  B:00F8H.1       PUBLIC        PCT1
  B:00F8H.2       PUBLIC        PCT2
  B:0098H.0       PUBLIC        RI
  B:00F8H.3       PUBLIC        PCT3
  B:00D8H.3       PUBLIC        SI
  B:00B0H.2       PUBLIC        INT0
  B:00D0H.7       PUBLIC        CY
  B:0098H.1       PUBLIC        TI
  B:00B0H.3       PUBLIC        INT1
  B:00D0H.2       PUBLIC        OV
  X:420CH         PUBLIC        prompt
  C:0240H         PUBLIC        main
  B:00B0H.6       PUBLIC        WR
  B:0020H.2       PUBLIC        dirty
  C:0016H         PUBLIC        initialise
  B:0088H.1       PUBLIC        IE0
  B:0088H.3       PUBLIC        IE1
  X:420FH         PUBLIC        clr
  X:4212H         PUBLIC        signon1
  X:4215H         PUBLIC        signon2
  B:00D8H.0       PUBLIC        CR0
  B:00D8H.1       PUBLIC        CR1
  X:4218H         PUBLIC        node_map
  B:00A8H.4       PUBLIC        ES0
  B:00A8H.1       PUBLIC        ET0
  B:00A8H.5       PUBLIC        ES1
  B:00A8H.3       PUBLIC        ET1
  B:00A8H.6       PUBLIC        EAD
  B:0088H.5       PUBLIC        TF0
  B:00E8H.7       PUBLIC        ET2
  B:0088H.7       PUBLIC        TF1
  B:0098H.2       PUBLIC        RB8
  C:0032H         PUBLIC        proc_iic
  B:00A8H.0       PUBLIC        EX0
  B:0088H.0       PUBLIC        IT0
  B:0098H.3       PUBLIC        TB8
  B:00A8H.2       PUBLIC        EX1
  B:0088H.2       PUBLIC        IT1
  B:00D0H.0       PUBLIC        P
  B:0098H.7       PUBLIC        SM0
  B:0098H.6       PUBLIC        SM1
  B:0098H.5       PUBLIC        SM2
  B:00B8H.4       PUBLIC        PS0
  B:00B8H.1       PUBLIC        PT0
  B:00B8H.5       PUBLIC        PS1
  B:00B8H.3       PUBLIC        PT1
  B:00B8H.6       PUBLIC        PAD
  B:00D0H.3       PUBLIC        RS0
  B:00F8H.7       PUBLIC        PT2
  B:0088H.4       PUBLIC        TR0
BL51 BANKED LINKER/LOCATER V2.10                                                        07/05/97  03:23:19  PAGE 5


  B:00D0H.4       PUBLIC        RS1
  B:0088H.6       PUBLIC        TR1
  B:00B8H.0       PUBLIC        PX0
  B:00B8H.2       PUBLIC        PX1
  C:0003H         PUBLIC        _putchar
  C:01CEH         PUBLIC        proc_key
  X:4228H         PUBLIC        mes_off
  X:422BH         PUBLIC        modname
  B:0098H.4       PUBLIC        REN
  X:422EH         PUBLIC        mes_con
  B:00D8H.5       PUBLIC        STA
  C:022CH         PUBLIC        test_key
  I:0022H         PUBLIC        iic_in
  B:00B0H.0       PUBLIC        RXD
  I:0024H         PUBLIC        iic_out
  B:00B0H.1       PUBLIC        TXD
  B:00D0H.5       PUBLIC        F0
  B:00D8H.4       PUBLIC        STO
  X:4231H         PUBLIC        err1
  -------         PROC          INITIALISE
  C:0016H         LINE#         66
  C:0016H         LINE#         67
  C:0016H         LINE#         68
  C:0018H         LINE#         69
  C:001BH         LINE#         70
  C:001EH         LINE#         71
  C:0023H         LINE#         72
  C:002AH         LINE#         73
  -------         ENDPROC       INITIALISE
  -------         PROC          _PUTCHAR
  D:0007H         SYMBOL        out
  C:0003H         LINE#         75
  C:0003H         LINE#         76
  C:0003H         LINE#         77
  C:0006H         LINE#         78
  -------         ENDPROC       _PUTCHAR
  -------         PROC          PROC_IIC
  C:0032H         LINE#         80
  C:0032H         LINE#         81
  -------         DO            (NULL)
  X:4200H         SYMBOL        in
  C:0032H         LINE#         82
  C:0039H         LINE#         83
  C:0045H         LINE#         84
  C:0045H         LINE#         85
  C:0067H         LINE#         86
  C:006CH         LINE#         87
  C:006EH         LINE#         88
  C:0076H         LINE#         89
  C:0078H         LINE#         90
  C:0080H         LINE#         91
  C:0080H         LINE#         92
  C:0080H         LINE#         93
  C:0080H         LINE#         94
  C:0080H         LINE#         95
  C:0080H         LINE#         96
  C:0080H         LINE#         97
BL51 BANKED LINKER/LOCATER V2.10                                                        07/05/97  03:23:19  PAGE 6


  C:0080H         LINE#         98
  C:0082H         LINE#         99
  -------         ENDDO         (NULL)
  -------         ENDPROC       PROC_IIC
  -------         PROC          PROC_KEY
  C:01CEH         LINE#         101
  C:01CEH         LINE#         102
  -------         DO            (NULL)
  X:4201H         SYMBOL        retry
  C:01CEH         LINE#         103
  C:01D4H         LINE#         104
  C:01EAH         LINE#         105
  C:01F4H         LINE#         106
  C:01F4H         LINE#         107
  C:01FDH         LINE#         108
  C:0202H         LINE#         109
  C:0204H         LINE#         110
  C:0204H         LINE#         111
  C:0205H         LINE#         112
  -------         ENDDO         (NULL)
  -------         ENDPROC       PROC_KEY
  -------         PROC          _PAINT
  X:4202H         SYMBOL        l1
  X:4205H         SYMBOL        l2
  C:0206H         LINE#         114
  C:0206H         LINE#         115
  C:0206H         LINE#         116
  C:0209H         LINE#         117
  C:0209H         LINE#         118
  C:0229H         LINE#         119
  C:022BH         LINE#         120
  C:022BH         LINE#         121
  -------         ENDPROC       _PAINT
  -------         PROC          TEST_KEY
  C:022CH         LINE#         123
  C:022CH         LINE#         124
  C:022CH         LINE#         125
  C:0230H         LINE#         126
  C:0239H         LINE#         127
  C:023FH         LINE#         128
  -------         ENDPROC       TEST_KEY
  -------         PROC          MAIN
  C:0240H         LINE#         130
  C:0240H         LINE#         131
  -------         DO            (NULL)
  X:4208H         SYMBOL        state
  X:4209H         SYMBOL        counter
  X:420BH         SYMBOL        skip
  C:0240H         LINE#         132
  C:0246H         LINE#         133
  C:024BH         LINE#         134
  C:024DH         LINE#         135
  C:0250H         LINE#         136
  C:0250H         LINE#         137
  C:0250H         LINE#         138
  C:0255H         LINE#         139
  C:0273H         LINE#         140
BL51 BANKED LINKER/LOCATER V2.10                                                        07/05/97  03:23:19  PAGE 7


  C:0273H         LINE#         141
  C:0273H         LINE#         142
  C:0296H         LINE#         143
  C:029BH         LINE#         144
  C:029BH         LINE#         145
  C:029EH         LINE#         146
  C:02A3H         LINE#         147
  C:02A5H         LINE#         148
  C:02A5H         LINE#         149
  C:02A7H         LINE#         150
  C:02A7H         LINE#         151
  C:02CAH         LINE#         152
  C:02CFH         LINE#         153
  C:02E7H         LINE#         154
  C:02EDH         LINE#         155
  C:02EDH         LINE#         156
  C:02F3H         LINE#         157
  C:02F3H         LINE#         158
  C:02F9H         LINE#         159
  C:02FBH         LINE#         160
  C:02FDH         LINE#         161
  C:02FDH         LINE#         162
  C:02FDH         LINE#         163
  C:0302H         LINE#         164
  C:0304H         LINE#         165
  C:0304H         LINE#         166
  C:0304H         LINE#         167
  C:0307H         LINE#         168
  C:0307H         LINE#         169
  C:030DH         LINE#         170
  C:030FH         LINE#         171
  C:030FH         LINE#         172
  C:0312H         LINE#         173
  C:0312H         LINE#         174
  C:0317H         LINE#         175
  C:0317H         LINE#         176
  C:031CH         LINE#         177
  C:031EH         LINE#         178
  C:031EH         LINE#         179
  C:031EH         LINE#         180
  C:0320H         LINE#         181
  C:0320H         LINE#         182
  C:0323H         LINE#         183
  C:0326H         LINE#         184
  C:0329H         LINE#         185
  C:0329H         LINE#         186
  C:032EH         LINE#         187
  C:032EH         LINE#         188
  C:0334H         LINE#         189
  C:0336H         LINE#         190
  C:0336H         LINE#         191
  C:0336H         LINE#         192
  C:0338H         LINE#         193
  C:0338H         LINE#         194
  C:035BH         LINE#         195
  C:0361H         LINE#         196
  C:0361H         LINE#         197
BL51 BANKED LINKER/LOCATER V2.10                                                        07/05/97  03:23:19  PAGE 8


  C:0367H         LINE#         198
  C:0367H         LINE#         199
  C:036DH         LINE#         200
  C:036FH         LINE#         201
  C:036FH         LINE#         202
  C:036FH         LINE#         203
  C:0372H         LINE#         204
  C:0374H         LINE#         205
  C:0374H         LINE#         206
  C:0374H         LINE#         207
  C:037AH         LINE#         208
  C:037AH         LINE#         209
  C:037AH         LINE#         210
  C:0380H         LINE#         211
  C:0397H         LINE#         212
  C:0397H         LINE#         213
  C:039EH         LINE#         214
  C:039EH         LINE#         215
  C:03A0H         LINE#         216
  -------         ENDDO         (NULL)
  -------         ENDPROC       MAIN
  -------         ENDMOD        LCDPAD

  -------         MODULE        ?C_IILDX
  C:05A5H         PUBLIC        ?C_IILDX
  -------         ENDMOD        ?C_IILDX

  -------         MODULE        PRINTF
  X:423CH         PUBLIC        ?_PRINTF517?BYTE
  X:423CH         PUBLIC        ?_SPRINTF517?BYTE
  X:423CH         PUBLIC        ?_PRINTF?BYTE
  X:423CH         PUBLIC        ?_SPRINTF?BYTE
  C:06CDH         PUBLIC        _PRINTF
  C:06C7H         PUBLIC        _SPRINTF
  C:06CDH         PUBLIC        _PRINTF517
  C:06C7H         PUBLIC        _SPRINTF517
  -------         ENDMOD        PRINTF

  -------         MODULE        ?C_CLDPTR
  C:05BBH         PUBLIC        ?C_CLDPTR
  -------         ENDMOD        ?C_CLDPTR

  -------         MODULE        ?C_CLDOPTR
  C:05D6H         PUBLIC        ?C_CLDOPTR
  -------         ENDMOD        ?C_CLDOPTR

  -------         MODULE        ?C_CSTPTR
  C:0605H         PUBLIC        ?C_CSTPTR
  -------         ENDMOD        ?C_CSTPTR

  -------         MODULE        ?C_PLDIXDATA
  C:0619H         PUBLIC        ?C_PLDIXDATA
  -------         ENDMOD        ?C_PLDIXDATA

  -------         MODULE        ?C_PSTXDATA
  C:0630H         PUBLIC        ?C_PSTXDATA
  -------         ENDMOD        ?C_PSTXDATA
BL51 BANKED LINKER/LOCATER V2.10                                                        07/05/97  03:23:19  PAGE 9



  -------         MODULE        ?C_CCASE
  C:0639H         PUBLIC        ?C_CCASE
  -------         ENDMOD        ?C_CCASE

LINK/LOCATE RUN COMPLETE.  0 WARNING(S),  0 ERROR(S)
